<?xml version="1.0" encoding="UTF-8"?>
<!-- Generated by org.testng.reporters.JUnitReportReporter -->
<testsuite hostname="DESKTOP-2EMJD9L" failures="0" tests="1" name="Demo" time="0.017" errors="0" timestamp="2021-02-03T22:49:10 CET" skipped="0">
  <testcase classname="Demo" name="demo" time="0.017"/>
</testsuite> <!-- Demo -->
